<!DOCTYPE html>
<html>
  <head>
    <meta charset="utf-8"/>
    <title>report.html</title>
    <link href="assets/style.css" rel="stylesheet" type="text/css"/></head>
  <body onLoad="init()">
    <script>/* This Source Code Form is subject to the terms of the Mozilla Public
 * License, v. 2.0. If a copy of the MPL was not distributed with this file,
 * You can obtain one at http://mozilla.org/MPL/2.0/. */


function toArray(iter) {
    if (iter === null) {
        return null;
    }
    return Array.prototype.slice.call(iter);
}

function find(selector, elem) { // eslint-disable-line no-redeclare
    if (!elem) {
        elem = document;
    }
    return elem.querySelector(selector);
}

function findAll(selector, elem) {
    if (!elem) {
        elem = document;
    }
    return toArray(elem.querySelectorAll(selector));
}

function sortColumn(elem) {
    toggleSortStates(elem);
    const colIndex = toArray(elem.parentNode.childNodes).indexOf(elem);
    let key;
    if (elem.classList.contains('result')) {
        key = keyResult;
    } else if (elem.classList.contains('links')) {
        key = keyLink;
    } else {
        key = keyAlpha;
    }
    sortTable(elem, key(colIndex));
}

function showAllExtras() { // eslint-disable-line no-unused-vars
    findAll('.col-result').forEach(showExtras);
}

function hideAllExtras() { // eslint-disable-line no-unused-vars
    findAll('.col-result').forEach(hideExtras);
}

function showExtras(colresultElem) {
    const extras = colresultElem.parentNode.nextElementSibling;
    const expandcollapse = colresultElem.firstElementChild;
    extras.classList.remove('collapsed');
    expandcollapse.classList.remove('expander');
    expandcollapse.classList.add('collapser');
}

function hideExtras(colresultElem) {
    const extras = colresultElem.parentNode.nextElementSibling;
    const expandcollapse = colresultElem.firstElementChild;
    extras.classList.add('collapsed');
    expandcollapse.classList.remove('collapser');
    expandcollapse.classList.add('expander');
}

function showFilters() {
    let visibleString = getQueryParameter('visible') || 'all';
    visibleString = visibleString.toLowerCase();
    const checkedItems = visibleString.split(',');

    const filterItems = document.getElementsByClassName('filter');
    for (let i = 0; i < filterItems.length; i++) {
        filterItems[i].hidden = false;

        if (visibleString != 'all') {
            filterItems[i].checked = checkedItems.includes(filterItems[i].getAttribute('data-test-result'));
            filterTable(filterItems[i]);
        }
    }
}

function addCollapse() {
    // Add links for show/hide all
    const resulttable = find('table#results-table');
    const showhideall = document.createElement('p');
    showhideall.innerHTML = '<a href="javascript:showAllExtras()">Show all details</a> / ' +
                            '<a href="javascript:hideAllExtras()">Hide all details</a>';
    resulttable.parentElement.insertBefore(showhideall, resulttable);

    // Add show/hide link to each result
    findAll('.col-result').forEach(function(elem) {
        const collapsed = getQueryParameter('collapsed') || 'Passed';
        const extras = elem.parentNode.nextElementSibling;
        const expandcollapse = document.createElement('span');
        if (extras.classList.contains('collapsed')) {
            expandcollapse.classList.add('expander');
        } else if (collapsed.includes(elem.innerHTML)) {
            extras.classList.add('collapsed');
            expandcollapse.classList.add('expander');
        } else {
            expandcollapse.classList.add('collapser');
        }
        elem.appendChild(expandcollapse);

        elem.addEventListener('click', function(event) {
            if (event.currentTarget.parentNode.nextElementSibling.classList.contains('collapsed')) {
                showExtras(event.currentTarget);
            } else {
                hideExtras(event.currentTarget);
            }
        });
    });
}

function getQueryParameter(name) {
    const match = RegExp('[?&]' + name + '=([^&]*)').exec(window.location.search);
    return match && decodeURIComponent(match[1].replace(/\+/g, ' '));
}

function init () { // eslint-disable-line no-unused-vars
    resetSortHeaders();

    addCollapse();

    showFilters();

    sortColumn(find('.initial-sort'));

    findAll('.sortable').forEach(function(elem) {
        elem.addEventListener('click',
            function() {
                sortColumn(elem);
            }, false);
    });
}

function sortTable(clicked, keyFunc) {
    const rows = findAll('.results-table-row');
    const reversed = !clicked.classList.contains('asc');
    const sortedRows = sort(rows, keyFunc, reversed);
    /* Whole table is removed here because browsers acts much slower
     * when appending existing elements.
     */
    const thead = document.getElementById('results-table-head');
    document.getElementById('results-table').remove();
    const parent = document.createElement('table');
    parent.id = 'results-table';
    parent.appendChild(thead);
    sortedRows.forEach(function(elem) {
        parent.appendChild(elem);
    });
    document.getElementsByTagName('BODY')[0].appendChild(parent);
}

function sort(items, keyFunc, reversed) {
    const sortArray = items.map(function(item, i) {
        return [keyFunc(item), i];
    });

    sortArray.sort(function(a, b) {
        const keyA = a[0];
        const keyB = b[0];

        if (keyA == keyB) return 0;

        if (reversed) {
            return keyA < keyB ? 1 : -1;
        } else {
            return keyA > keyB ? 1 : -1;
        }
    });

    return sortArray.map(function(item) {
        const index = item[1];
        return items[index];
    });
}

function keyAlpha(colIndex) {
    return function(elem) {
        return elem.childNodes[1].childNodes[colIndex].firstChild.data.toLowerCase();
    };
}

function keyLink(colIndex) {
    return function(elem) {
        const dataCell = elem.childNodes[1].childNodes[colIndex].firstChild;
        return dataCell == null ? '' : dataCell.innerText.toLowerCase();
    };
}

function keyResult(colIndex) {
    return function(elem) {
        const strings = ['Error', 'Failed', 'Rerun', 'XFailed', 'XPassed',
            'Skipped', 'Passed'];
        return strings.indexOf(elem.childNodes[1].childNodes[colIndex].firstChild.data);
    };
}

function resetSortHeaders() {
    findAll('.sort-icon').forEach(function(elem) {
        elem.parentNode.removeChild(elem);
    });
    findAll('.sortable').forEach(function(elem) {
        const icon = document.createElement('div');
        icon.className = 'sort-icon';
        icon.textContent = 'vvv';
        elem.insertBefore(icon, elem.firstChild);
        elem.classList.remove('desc', 'active');
        elem.classList.add('asc', 'inactive');
    });
}

function toggleSortStates(elem) {
    //if active, toggle between asc and desc
    if (elem.classList.contains('active')) {
        elem.classList.toggle('asc');
        elem.classList.toggle('desc');
    }

    //if inactive, reset all other functions and add ascending active
    if (elem.classList.contains('inactive')) {
        resetSortHeaders();
        elem.classList.remove('inactive');
        elem.classList.add('active');
    }
}

function isAllRowsHidden(value) {
    return value.hidden == false;
}

function filterTable(elem) { // eslint-disable-line no-unused-vars
    const outcomeAtt = 'data-test-result';
    const outcome = elem.getAttribute(outcomeAtt);
    const classOutcome = outcome + ' results-table-row';
    const outcomeRows = document.getElementsByClassName(classOutcome);

    for(let i = 0; i < outcomeRows.length; i++){
        outcomeRows[i].hidden = !elem.checked;
    }

    const rows = findAll('.results-table-row').filter(isAllRowsHidden);
    const allRowsHidden = rows.length == 0 ? true : false;
    const notFoundMessage = document.getElementById('not-found-message');
    notFoundMessage.hidden = !allRowsHidden;
}
</script>
    <h1>report.html</h1>
    <p>Report generated on 07-Nov-2024 at 21:50:54 by <a href="https://pypi.python.org/pypi/pytest-html">pytest-html</a> v3.2.0</p>
    <h2>Summary</h2>
    <p>34 tests ran in 632.96 seconds. </p>
    <p class="filter" hidden="true">(Un)check the boxes to filter the results.</p><input checked="true" class="filter" data-test-result="passed" hidden="true" name="filter_checkbox" onChange="filterTable(this)" type="checkbox"/><span class="passed">28 passed</span>, <input checked="true" class="filter" data-test-result="skipped" disabled="true" hidden="true" name="filter_checkbox" onChange="filterTable(this)" type="checkbox"/><span class="skipped">0 skipped</span>, <input checked="true" class="filter" data-test-result="failed" hidden="true" name="filter_checkbox" onChange="filterTable(this)" type="checkbox"/><span class="failed">6 failed</span>, <input checked="true" class="filter" data-test-result="error" hidden="true" name="filter_checkbox" onChange="filterTable(this)" type="checkbox"/><span class="error">1 errors</span>, <input checked="true" class="filter" data-test-result="xfailed" disabled="true" hidden="true" name="filter_checkbox" onChange="filterTable(this)" type="checkbox"/><span class="xfailed">0 expected failures</span>, <input checked="true" class="filter" data-test-result="xpassed" disabled="true" hidden="true" name="filter_checkbox" onChange="filterTable(this)" type="checkbox"/><span class="xpassed">0 unexpected passes</span>
    <h2>Results</h2>
    <table id="results-table">
      <thead id="results-table-head">
        <tr>
          <th class="sortable result initial-sort" col="result">Result</th>
          <th class="sortable" col="name">Test</th>
          <th class="sortable" col="duration">Duration</th>
          <th class="sortable links" col="links">Links</th></tr>
        <tr hidden="true" id="not-found-message">
          <th colspan="4">No results found. Try to check the filters</th></tr></thead>
      <tbody class="error results-table-row">
        <tr>
          <td class="col-result">Error</td>
          <td class="col-name">Test_addtocart_checkout.py::test_add_product_to_cart::setup</td>
          <td class="col-duration">0.00</td>
          <td class="col-links"></td></tr>
        <tr>
          <td class="extra" colspan="4">
            <div class="log">file C:\xampp\htdocs\Phpcode\N8_NguyenHoangTien_Assignment2\Test_addtocart_checkout.py, line 8<br/>  def test_add_product_to_cart(setUp):<br/><span class="error">E       fixture &#x27;setUp&#x27; not found</span><br/>&gt;       available fixtures: cache, capfd, capfdbinary, caplog, capsys, capsysbinary, doctest_namespace, driver, extra, include_metadata_in_junit_xml, metadata, monkeypatch, pytestconfig, record_property, record_testsuite_property, record_xml_attribute, recwarn, tmp_path, tmp_path_factory, tmpdir, tmpdir_factory<br/>&gt;       use &#x27;pytest --fixtures [testpath]&#x27; for help on them.<br/><br/>C:\xampp\htdocs\Phpcode\N8_NguyenHoangTien_Assignment2\Test_addtocart_checkout.py:8<br/></div></td></tr></tbody>
      <tbody class="failed results-table-row">
        <tr>
          <td class="col-result">Failed</td>
          <td class="col-name">Test_Form_Submission.py::test_registration_speciall</td>
          <td class="col-duration">17.94</td>
          <td class="col-links"></td></tr>
        <tr>
          <td class="extra" colspan="4">
            <div class="log">driver = &lt;selenium.webdriver.chrome.webdriver.WebDriver (session=&quot;8afb9a4151b8081e2a23755328850368&quot;)&gt;<br/><br/>    def test_registration_speciall(driver):<br/>        driver.find_element(By.LINK_TEXT, &quot;Register&quot;).click()<br/>        time.sleep(2)<br/>        driver.find_element(By.NAME, &quot;cust_name&quot;).send_keys(&quot;testuser&quot;)<br/>        driver.find_element(By.NAME,&quot;cust_cname&quot;).send_keys(&quot;ABC Company&quot;)<br/>        driver.find_element(By.NAME, &quot;cust_email&quot;).send_keys(&quot;testuser3@example.com&quot;)<br/>        driver.find_element(By.NAME, &quot;cust_phone&quot;).send_keys(&quot;039738@@@@@@!!!!!37&quot;)<br/>        driver.find_element(By.NAME, &quot;cust_address&quot;).send_keys(&quot;123 Main St&quot;)<br/>    <br/>        country_select = driver.find_element(By.XPATH, &quot;/html/body/div[6]/div/div/div/div/form/div/div[2]/div[6]/span/span[1]/span/span[1]&quot;)<br/>        country_select.click()<br/>        time.sleep(1)<br/>    <br/>        country_option = country_select.find_element(By.XPATH, &quot;//option[text()=&#x27;Vietnam&#x27;]&quot;)<br/>        country_option.click()<br/>        driver.find_element(By.NAME, &quot;cust_city&quot;).send_keys(&quot;Ho Chi Minh&quot;)<br/>        driver.find_element(By.NAME, &quot;cust_state&quot;).send_keys(&quot;Mien Nam&quot;)<br/>        driver.find_element(By.NAME, &quot;cust_zip&quot;).send_keys(&quot;112233&quot;)<br/>        driver.find_element(By.NAME, &quot;cust_password&quot;).send_keys(&quot;Password123&quot;)<br/>        driver.find_element(By.NAME, &quot;cust_re_password&quot;).send_keys(&quot;Password123&quot;)<br/>        driver.find_element(By.NAME, &quot;form1&quot;).click()<br/>        time.sleep(5)<br/>&gt;       assert &quot;Invalid phone number.&quot; in driver.page_source<br/><span class="error">E       assert &#x27;Invalid phone number.&#x27; in &#x27;&lt;html lang=&quot;en&quot; style=&quot;&quot; class=&quot; js flexbox flexboxlegacy canvas canvastext webgl no-touch geolocation postmessage no...; position: fixed !important; visibility: hidden !important; pointer-events: none !important;&quot;&gt;&lt;/iframe&gt;&lt;/body&gt;&lt;/html&gt;&#x27;</span><br/><span class="error">E        +  where &#x27;&lt;html lang=&quot;en&quot; style=&quot;&quot; class=&quot; js flexbox flexboxlegacy canvas canvastext webgl no-touch geolocation postmessage no...; position: fixed !important; visibility: hidden !important; pointer-events: none !important;&quot;&gt;&lt;/iframe&gt;&lt;/body&gt;&lt;/html&gt;&#x27; = &lt;selenium.webdriver.chrome.webdriver.WebDriver (session=&quot;8afb9a4151b8081e2a23755328850368&quot;)&gt;.page_source</span><br/><br/>Test_Form_Submission.py:139: AssertionError<br/></div></td></tr></tbody>
      <tbody class="failed results-table-row">
        <tr>
          <td class="col-result">Failed</td>
          <td class="col-name">Test_addtocart_checkout.py::test_checkout_as_paypal</td>
          <td class="col-duration">30.64</td>
          <td class="col-links"></td></tr>
        <tr>
          <td class="extra" colspan="4">
            <div class="log">driver = &lt;selenium.webdriver.chrome.webdriver.WebDriver (session=&quot;93c13fe39e7c11e35279901befcf09fa&quot;)&gt;<br/><br/>    def test_checkout_as_paypal(driver):<br/>        driver.find_element(By.LINK_TEXT, &quot;Login&quot;).click()<br/>        time.sleep(2)<br/>        driver.find_element(By.NAME, &quot;cust_email&quot;).send_keys(&quot;testuser@example.com&quot;)<br/>        driver.find_element(By.NAME, &quot;cust_password&quot;).send_keys(&quot;Password123&quot;)<br/>        driver.find_element(By.NAME, &quot;form1&quot;).click()<br/>        time.sleep(2)<br/>        driver.find_element(By.XPATH, &quot;//button[text()=&#x27;Update Billing and Shipping Info&#x27;]&quot;).click()<br/>        time.sleep(2)<br/>    <br/>        if not is_billing_address_filled(driver):<br/>            update_billing_address(driver)<br/>    <br/>        if not is_shipping_address_filled(driver):<br/>            update_shipping_address(driver)<br/>    <br/>        test_add_product_to_cart(driver)<br/>    <br/>        driver.find_element(By.XPATH, &quot;//a[@href=&#x27;checkout.php&#x27;]&quot;).click()<br/>        time.sleep(2)<br/>    <br/>        # Open the dropdown for payment method<br/>        driver.find_element(By.ID, &quot;select2-advFieldsStatus-container&quot;).click()  # Click the dropdown to open options<br/>    <br/>        # Select &quot;PayPal&quot; from the dropdown<br/>        paypal_option = driver.find_element(By.XPATH, &quot;//li[contains(text(), &#x27;PayPal&#x27;)]&quot;)<br/>        paypal_option.click()<br/>        time.sleep(2)<br/>    <br/>        # Click &quot;Pay now&quot;<br/>        driver.find_element(By.NAME, &quot;form1&quot;).click()<br/>        time.sleep(2)<br/>    <br/>&gt;       assert &quot;https://www.paypal.com/webapps/shoppingcart/error?flowlogging_id=f7930417dd231&amp;code=GENERIC_ERROR&amp;mfid=1730703263286_f7930417dd231&quot; in driver.current_url<br/><span class="error">E       assert &#x27;https://www.paypal.com/webapps/shoppingcart/error?flowlogging_id=f7930417dd231&amp;code=GENERIC_ERROR&amp;mfid=1730703263286_f7930417dd231&#x27; in &#x27;http://localhost/Phpcode/eCommerceSite-PHP/checkout.php&#x27;</span><br/><span class="error">E        +  where &#x27;http://localhost/Phpcode/eCommerceSite-PHP/checkout.php&#x27; = &lt;selenium.webdriver.chrome.webdriver.WebDriver (session=&quot;93c13fe39e7c11e35279901befcf09fa&quot;)&gt;.current_url</span><br/><br/>Test_addtocart_checkout.py:170: AssertionError<br/></div></td></tr></tbody>
      <tbody class="failed results-table-row">
        <tr>
          <td class="col-result">Failed</td>
          <td class="col-name">Test_data_validation.py::test_validate_data_with_special_characters</td>
          <td class="col-duration">27.04</td>
          <td class="col-links"></td></tr>
        <tr>
          <td class="extra" colspan="4">
            <div class="log">driver = &lt;selenium.webdriver.chrome.webdriver.WebDriver (session=&quot;0117e02d0b52854e0b67f661cac34d4d&quot;)&gt;<br/><br/>    def test_validate_data_with_special_characters(driver):<br/>        driver.get(&quot;http://localhost/Phpcode/eCommerceSite-PHP/contact.php&quot;)<br/>        time.sleep(2)<br/>    <br/>        name_field = driver.find_element(By.NAME, &quot;visitor_name&quot;)<br/>        phone_field = driver.find_element(By.NAME, &quot;visitor_phone&quot;)<br/>        email_field = driver.find_element(By.NAME, &quot;visitor_email&quot;)<br/>        message_field = driver.find_element(By.NAME, &quot;visitor_message&quot;)<br/>    <br/>        name_field.clear()<br/>        name_field.send_keys(&quot;!@#$%^&amp;*()&quot;)<br/>        time.sleep(3)<br/>        phone_field.clear()<br/>        phone_field.send_keys(&quot;123-456-7890&quot;)<br/>        time.sleep(3)<br/>        email_field.clear()<br/>        email_field.send_keys(&quot;test@email.com&quot;)<br/>        time.sleep(3)<br/>        message_field.clear()<br/>        message_field.send_keys(&quot;Test message with special characters !@#$%^&amp;*()&quot;)<br/>        time.sleep(3)<br/>        send_message_button = driver.find_element(By.NAME, &quot;form_contact&quot;)<br/>        send_message_button.click()<br/>        time.sleep(5)<br/>    <br/>&gt;       error_message = driver.find_element(By.CSS_SELECTOR, &quot;.error-message&quot;)<br/><br/>Test_data_validation.py:30: <br/>_ _ _ _ _ _ _ _ _ _ _ _ _ _ _ _ _ _ _ _ _ _ _ _ _ _ _ _ _ _ _ _ _ _ _ _ _ _ _ _ <br/>..\ecommercesite-php\myenv\lib\site-packages\selenium\webdriver\remote\webdriver.py:739: in find_element<br/>    return self.execute(Command.FIND_ELEMENT, {&quot;using&quot;: by, &quot;value&quot;: value})[&quot;value&quot;]<br/>..\ecommercesite-php\myenv\lib\site-packages\selenium\webdriver\remote\webdriver.py:345: in execute<br/>    self.error_handler.check_response(response)<br/>_ _ _ _ _ _ _ _ _ _ _ _ _ _ _ _ _ _ _ _ _ _ _ _ _ _ _ _ _ _ _ _ _ _ _ _ _ _ _ _ <br/><br/>self = &lt;selenium.webdriver.remote.errorhandler.ErrorHandler object at 0x0000024F94227908&gt;<br/>response = {&#x27;status&#x27;: 500, &#x27;value&#x27;: &#x27;{&quot;value&quot;:{&quot;data&quot;:{&quot;text&quot;:&quot;Thank you for sending email. We will contact you shortly.&quot;},&quot;error...07FF61F4565CF]\\n\\tBaseThreadInitThunk [0x00007FFF6E137374+20]\\n\\tRtlUserThreadStart [0x00007FFF6F41CC91+33]\\n&quot;}}&#x27;}<br/><br/>    def check_response(self, response: Dict[str, Any]) -&gt; None:<br/>        &quot;&quot;&quot;Checks that a JSON response from the WebDriver does not have an<br/>        error.<br/>    <br/>        :Args:<br/>         - response - The JSON response from the WebDriver server as a dictionary<br/>           object.<br/>    <br/>        :Raises: If the response contains an error message.<br/>        &quot;&quot;&quot;<br/>        status = response.get(&quot;status&quot;, None)<br/>        if not status or status == ErrorCode.SUCCESS:<br/>            return<br/>        value = None<br/>        message = response.get(&quot;message&quot;, &quot;&quot;)<br/>        screen: str = response.get(&quot;screen&quot;, &quot;&quot;)<br/>        stacktrace = None<br/>        if isinstance(status, int):<br/>            value_json = response.get(&quot;value&quot;, None)<br/>            if value_json and isinstance(value_json, str):<br/>                import json<br/>    <br/>                try:<br/>                    value = json.loads(value_json)<br/>                    if len(value) == 1:<br/>                        value = value[&quot;value&quot;]<br/>                    status = value.get(&quot;error&quot;, None)<br/>                    if not status:<br/>                        status = value.get(&quot;status&quot;, ErrorCode.UNKNOWN_ERROR)<br/>                        message = value.get(&quot;value&quot;) or value.get(&quot;message&quot;)<br/>                        if not isinstance(message, str):<br/>                            value = message<br/>                            message = message.get(&quot;message&quot;)<br/>                    else:<br/>                        message = value.get(&quot;message&quot;, None)<br/>                except ValueError:<br/>                    pass<br/>    <br/>        exception_class: Type[WebDriverException]<br/>        e = ErrorCode()<br/>        error_codes = [item for item in dir(e) if not item.startswith(&quot;__&quot;)]<br/>        for error_code in error_codes:<br/>            error_info = getattr(ErrorCode, error_code)<br/>            if isinstance(error_info, list) and status in error_info:<br/>                exception_class = getattr(ExceptionMapping, error_code, WebDriverException)<br/>                break<br/>        else:<br/>            exception_class = WebDriverException<br/>    <br/>        if not value:<br/>            value = response[&quot;value&quot;]<br/>        if isinstance(value, str):<br/>            raise exception_class(value)<br/>        if message == &quot;&quot; and &quot;message&quot; in value:<br/>            message = value[&quot;message&quot;]<br/>    <br/>        screen = None  # type: ignore[assignment]<br/>        if &quot;screen&quot; in value:<br/>            screen = value[&quot;screen&quot;]<br/>    <br/>        stacktrace = None<br/>        st_value = value.get(&quot;stackTrace&quot;) or value.get(&quot;stacktrace&quot;)<br/>        if st_value:<br/>            if isinstance(st_value, str):<br/>                stacktrace = st_value.split(&quot;\n&quot;)<br/>            else:<br/>                stacktrace = []<br/>                try:<br/>                    for frame in st_value:<br/>                        line = frame.get(&quot;lineNumber&quot;, &quot;&quot;)<br/>                        file = frame.get(&quot;fileName&quot;, &quot;&lt;anonymous&gt;&quot;)<br/>                        if line:<br/>                            file = f&quot;{file}:{line}&quot;<br/>                        meth = frame.get(&quot;methodName&quot;, &quot;&lt;anonymous&gt;&quot;)<br/>                        if &quot;className&quot; in frame:<br/>                            meth = f&quot;{frame[&#x27;className&#x27;]}.{meth}&quot;<br/>                        msg = &quot;    at %s (%s)&quot;<br/>                        msg = msg % (meth, file)<br/>                        stacktrace.append(msg)<br/>                except TypeError:<br/>                    pass<br/>        if exception_class == UnexpectedAlertPresentException:<br/>            alert_text = None<br/>            if &quot;data&quot; in value:<br/>                alert_text = value[&quot;data&quot;].get(&quot;text&quot;)<br/>            elif &quot;alert&quot; in value:<br/>                alert_text = value[&quot;alert&quot;].get(&quot;text&quot;)<br/>&gt;           raise exception_class(message, screen, stacktrace, alert_text)  # type: ignore[call-arg]  # mypy is not smart enough here<br/><span class="error">E           selenium.common.exceptions.UnexpectedAlertPresentException: Alert Text: Thank you for sending email. We will contact you shortly.</span><br/><span class="error">E           Message: unexpected alert open: {Alert text : Thank you for sending email. We will contact you shortly.}</span><br/><span class="error">E             (Session info: chrome=130.0.6723.116)</span><br/><span class="error">E           Stacktrace:</span><br/><span class="error">E           	GetHandleVerifier [0x00007FF61F4EB675+29573]</span><br/><span class="error">E           	(No symbol) [0x00007FF61F4604A0]</span><br/><span class="error">E           	(No symbol) [0x00007FF61F31B6EA]</span><br/><span class="error">E           	(No symbol) [0x00007FF61F3B9280]</span><br/><span class="error">E           	(No symbol) [0x00007FF61F3970A3]</span><br/><span class="error">E           	(No symbol) [0x00007FF61F3612DF]</span><br/><span class="error">E           	(No symbol) [0x00007FF61F362441]</span><br/><span class="error">E           	GetHandleVerifier [0x00007FF61F81C5BD+3375821]</span><br/><span class="error">E           	GetHandleVerifier [0x00007FF61F8679B7+3684039]</span><br/><span class="error">E           	GetHandleVerifier [0x00007FF61F85CDDB+3640043]</span><br/><span class="error">E           	GetHandleVerifier [0x00007FF61F5AB7F6+816390]</span><br/><span class="error">E           	(No symbol) [0x00007FF61F46B7AF]</span><br/><span class="error">E           	(No symbol) [0x00007FF61F4675D4]</span><br/><span class="error">E           	(No symbol) [0x00007FF61F467770]</span><br/><span class="error">E           	(No symbol) [0x00007FF61F4565CF]</span><br/><span class="error">E           	BaseThreadInitThunk [0x00007FFF6E137374+20]</span><br/><span class="error">E           	RtlUserThreadStart [0x00007FFF6F41CC91+33]</span><br/><br/>..\ecommercesite-php\myenv\lib\site-packages\selenium\webdriver\remote\errorhandler.py:228: UnexpectedAlertPresentException<br/></div></td></tr></tbody>
      <tbody class="failed results-table-row">
        <tr>
          <td class="col-result">Failed</td>
          <td class="col-name">Test_data_validation.py::test_user_registration_min_password</td>
          <td class="col-duration">19.79</td>
          <td class="col-links"></td></tr>
        <tr>
          <td class="extra" colspan="4">
            <div class="log">driver = &lt;selenium.webdriver.chrome.webdriver.WebDriver (session=&quot;7fa58fd90c4b7a5f8b2f8757d3653ea9&quot;)&gt;<br/><br/>    def test_user_registration_min_password(driver):<br/>        driver.find_element(By.LINK_TEXT, &quot;Register&quot;).click()<br/>        time.sleep(2)<br/>        driver.find_element(By.NAME, &quot;cust_name&quot;).send_keys(&quot;testuser&quot;)<br/>        driver.find_element(By.NAME,&quot;cust_cname&quot;).send_keys(&quot;ABC Company&quot;)<br/>        driver.find_element(By.NAME, &quot;cust_email&quot;).send_keys(&quot;testuser4@example.com&quot;)<br/>        driver.find_element(By.NAME, &quot;cust_phone&quot;).send_keys(&quot;0397387337&quot;)<br/>        driver.find_element(By.NAME, &quot;cust_address&quot;).send_keys(&quot;123 Main St&quot;)<br/>    <br/>        country_select = driver.find_element(By.XPATH, &quot;/html/body/div[6]/div/div/div/div/form/div/div[2]/div[6]/span/span[1]/span/span[1]&quot;)<br/>        country_select.click()<br/>        time.sleep(1)<br/>    <br/>        country_option = country_select.find_element(By.XPATH, &quot;//option[text()=&#x27;Vietnam&#x27;]&quot;)<br/>        country_option.click()<br/>        driver.find_element(By.NAME, &quot;cust_city&quot;).send_keys(&quot;Ho Chi Minh&quot;)<br/>        driver.find_element(By.NAME, &quot;cust_state&quot;).send_keys(&quot;Mien Nam&quot;)<br/>        driver.find_element(By.NAME, &quot;cust_zip&quot;).send_keys(&quot;112233&quot;)<br/>        driver.find_element(By.NAME, &quot;cust_password&quot;).send_keys(&quot;123&quot;)<br/>        driver.find_element(By.NAME, &quot;cust_re_password&quot;).send_keys(&quot;123&quot;)<br/>        driver.find_element(By.NAME, &quot;form1&quot;).click()<br/>        time.sleep(5)<br/>    <br/>&gt;       assert &quot;Password is too short&quot; in driver.page_source<br/><span class="error">E       assert &#x27;Password is too short&#x27; in &#x27;&lt;html lang=&quot;en&quot;&gt;&lt;head&gt;\n\n\t&lt;!-- Meta Tags --&gt;\n\t&lt;meta name=&quot;viewport&quot; content=&quot;width=device-width,initial-scale=1.0...ssorigin\&#x27;,\&#x27;*\&#x27;);\ns0.parentNode.insertBefore(s1,s0);\n})();\n&lt;/script&gt;\n&lt;!--End of Tawk.to Script--&gt;\n&lt;/body&gt;&lt;/html&gt;&#x27;</span><br/><span class="error">E        +  where &#x27;&lt;html lang=&quot;en&quot;&gt;&lt;head&gt;\n\n\t&lt;!-- Meta Tags --&gt;\n\t&lt;meta name=&quot;viewport&quot; content=&quot;width=device-width,initial-scale=1.0...ssorigin\&#x27;,\&#x27;*\&#x27;);\ns0.parentNode.insertBefore(s1,s0);\n})();\n&lt;/script&gt;\n&lt;!--End of Tawk.to Script--&gt;\n&lt;/body&gt;&lt;/html&gt;&#x27; = &lt;selenium.webdriver.chrome.webdriver.WebDriver (session=&quot;7fa58fd90c4b7a5f8b2f8757d3653ea9&quot;)&gt;.page_source</span><br/><br/>Test_data_validation.py:57: AssertionError<br/></div></td></tr></tbody>
      <tbody class="failed results-table-row">
        <tr>
          <td class="col-result">Failed</td>
          <td class="col-name">Test_reponsive.py::test_layout_rotation_consistency</td>
          <td class="col-duration">12.76</td>
          <td class="col-links"></td></tr>
        <tr>
          <td class="extra" colspan="4">
            <div class="log">driver = &lt;selenium.webdriver.chrome.webdriver.WebDriver (session=&quot;89151dc4cd9db8475958af88aa09b637&quot;)&gt;<br/><br/>    def test_layout_rotation_consistency(driver):<br/>    <br/>        driver.set_window_size(375, 667)<br/>        time.sleep(3)<br/>        driver.get(&quot;http://localhost/Phpcode/eCommerceSite-PHP/index.php&quot;)<br/>        time.sleep(2)<br/>    <br/>    <br/>        try:<br/>    <br/>            mobile_header = driver.find_element(By.CLASS_NAME, &quot;top&quot;)<br/>            assert mobile_header.is_displayed()<br/>    <br/>            mobile_menu = driver.find_element(By.CLASS_NAME, &quot;menu-mobile&quot;)<br/>            assert mobile_menu.is_displayed()<br/>    <br/>    <br/>            page_width = driver.execute_script(&quot;return window.innerWidth;&quot;)<br/>            assert page_width &lt;= 768<br/>    <br/>    <br/>        except AssertionError as e:<br/>            pytest.fail(f&quot;Mobile layout test failed: {e}&quot;)<br/>    <br/>    <br/>        driver.set_window_size(667, 375)<br/>        time.sleep(2)<br/>    <br/>    <br/>        try:<br/>    <br/>            mobile_header = driver.find_element(By.CLASS_NAME, &quot;top&quot;)<br/>            assert mobile_header.is_displayed()<br/>            mobile_menu = driver.find_element(By.CLASS_NAME, &quot;menu-mobile&quot;)<br/>            assert mobile_menu.is_displayed()<br/>    <br/>            page_width = driver.execute_script(&quot;return window.innerWidth;&quot;)<br/>&gt;           assert page_width &gt; 768<br/><span class="error">E           assert 654 &gt; 768</span><br/><br/>Test_reponsive.py:65: AssertionError<br/><br/>During handling of the above exception, another exception occurred:<br/><br/>driver = &lt;selenium.webdriver.chrome.webdriver.WebDriver (session=&quot;89151dc4cd9db8475958af88aa09b637&quot;)&gt;<br/><br/>    def test_layout_rotation_consistency(driver):<br/>    <br/>        driver.set_window_size(375, 667)<br/>        time.sleep(3)<br/>        driver.get(&quot;http://localhost/Phpcode/eCommerceSite-PHP/index.php&quot;)<br/>        time.sleep(2)<br/>    <br/>    <br/>        try:<br/>    <br/>            mobile_header = driver.find_element(By.CLASS_NAME, &quot;top&quot;)<br/>            assert mobile_header.is_displayed()<br/>    <br/>            mobile_menu = driver.find_element(By.CLASS_NAME, &quot;menu-mobile&quot;)<br/>            assert mobile_menu.is_displayed()<br/>    <br/>    <br/>            page_width = driver.execute_script(&quot;return window.innerWidth;&quot;)<br/>            assert page_width &lt;= 768<br/>    <br/>    <br/>        except AssertionError as e:<br/>            pytest.fail(f&quot;Mobile layout test failed: {e}&quot;)<br/>    <br/>    <br/>        driver.set_window_size(667, 375)<br/>        time.sleep(2)<br/>    <br/>    <br/>        try:<br/>    <br/>            mobile_header = driver.find_element(By.CLASS_NAME, &quot;top&quot;)<br/>            assert mobile_header.is_displayed()<br/>            mobile_menu = driver.find_element(By.CLASS_NAME, &quot;menu-mobile&quot;)<br/>            assert mobile_menu.is_displayed()<br/>    <br/>            page_width = driver.execute_script(&quot;return window.innerWidth;&quot;)<br/>            assert page_width &gt; 768<br/>    <br/>        except AssertionError as e:<br/>&gt;           pytest.fail(f&quot;Mobile layout test failed: {e}&quot;)<br/><span class="error">E           Failed: Mobile layout test failed: assert 654 &gt; 768</span><br/><br/>Test_reponsive.py:68: Failed<br/></div></td></tr></tbody>
      <tbody class="failed results-table-row">
        <tr>
          <td class="col-result">Failed</td>
          <td class="col-name">Test_search.py::test_search_history</td>
          <td class="col-duration">21.07</td>
          <td class="col-links"></td></tr>
        <tr>
          <td class="extra" colspan="4">
            <div class="log">driver = &lt;selenium.webdriver.chrome.webdriver.WebDriver (session=&quot;220548e960c335689aa29cb308c26ae8&quot;)&gt;<br/><br/>    def test_search_history(driver):<br/>        # Step 1: Navigate to the homepage<br/>        driver.get(&quot;http://localhost/Phpcode/eCommerceSite-PHP/index.php&quot;)<br/>        time.sleep(2)  # Wait for the page to load<br/>    <br/>        # Step 2: Perform several searches<br/>        search_box = driver.find_element(By.NAME, &quot;search_text&quot;)<br/>    <br/>        # Perform the first search<br/>        search_box = driver.find_element(By.NAME, &quot;search_text&quot;)<br/>        search_box.clear()<br/>        search_box.send_keys(&quot;MEN&#x27;S ULTRA COTTON T-SHIRT, MULTIPACK&quot;)<br/>        search_box.send_keys(Keys.RETURN)<br/>        time.sleep(2)  # Wait for results to load<br/>    <br/>        # Perform the second search<br/>        search_box = driver.find_element(By.NAME, &quot;search_text&quot;)<br/>        search_box.clear()<br/>        search_box.send_keys(&quot;WOMEN&#x27;S COTTON T-SHIRT, MULTIPACK&quot;)<br/>        search_box.send_keys(Keys.RETURN)<br/>        time.sleep(2)  # Wait for results to load<br/>    <br/>        # Perform the third search<br/>        search_box = driver.find_element(By.NAME, &quot;search_text&quot;)<br/>        search_box.clear()<br/>        search_box.send_keys(&quot;KIDS&#x27; T-SHIRT, MULTIPACK&quot;)<br/>        search_box.send_keys(Keys.RETURN)<br/>        time.sleep(2)  # Wait for results to load<br/>    <br/>        # Step 3: Select the search bar to check for search history<br/>        search_box = driver.find_element(By.NAME, &quot;search_text&quot;)  # Refetch the search box element<br/>        search_box.click()  # Click on the search bar<br/>    <br/>        # Step 4: Verify previous searches are displayed (access history)<br/>        search_history = driver.find_elements(By.CSS_SELECTOR, &quot;.select2-results__option&quot;)  # Locate the search history dropdown<br/>    <br/>        # Assert that the previous search terms are in the search history<br/>        previous_search_terms = [&quot;MEN&#x27;S ULTRA COTTON T-SHIRT, MULTIPACK&quot;, &quot;WOMEN&#x27;S COTTON T-SHIRT, MULTIPACK&quot;, &quot;KIDS&#x27; T-SHIRT, MULTIPACK&quot;]<br/>    <br/>        for term in previous_search_terms:<br/>&gt;           assert any(term in history.text for history in search_history), f&quot;Search term &#x27;{term}&#x27; not found in history&quot;<br/><span class="error">E           AssertionError: Search term &#x27;MEN&#x27;S ULTRA COTTON T-SHIRT, MULTIPACK&#x27; not found in history</span><br/><span class="error">E           assert False</span><br/><span class="error">E            +  where False = any(&lt;generator object test_search_history.&lt;locals&gt;.&lt;genexpr&gt; at 0x0000024F9432AA98&gt;)</span><br/><br/>Test_search.py:92: AssertionError<br/></div></td></tr></tbody>
      <tbody class="passed results-table-row">
        <tr>
          <td class="col-result">Passed</td>
          <td class="col-name">Test_Form_Submission.py::test_user_registration</td>
          <td class="col-duration">15.59</td>
          <td class="col-links"></td></tr>
        <tr>
          <td class="extra" colspan="4">
            <div class="empty log">No log output captured.</div></td></tr></tbody>
      <tbody class="passed results-table-row">
        <tr>
          <td class="col-result">Passed</td>
          <td class="col-name">Test_Form_Submission.py::test_register_empty</td>
          <td class="col-duration">19.87</td>
          <td class="col-links"></td></tr>
        <tr>
          <td class="extra" colspan="4">
            <div class="empty log">No log output captured.</div></td></tr></tbody>
      <tbody class="passed results-table-row">
        <tr>
          <td class="col-result">Passed</td>
          <td class="col-name">Test_Form_Submission.py::test_registration_error_messages</td>
          <td class="col-duration">12.34</td>
          <td class="col-links"></td></tr>
        <tr>
          <td class="extra" colspan="4">
            <div class="empty log">No log output captured.</div></td></tr></tbody>
      <tbody class="passed results-table-row">
        <tr>
          <td class="col-result">Passed</td>
          <td class="col-name">Test_Form_Submission.py::test_registration_max_username</td>
          <td class="col-duration">18.50</td>
          <td class="col-links"></td></tr>
        <tr>
          <td class="extra" colspan="4">
            <div class="empty log">No log output captured.</div></td></tr></tbody>
      <tbody class="passed results-table-row">
        <tr>
          <td class="col-result">Passed</td>
          <td class="col-name">Test_Navigation.py::test_navigation_home</td>
          <td class="col-duration">10.20</td>
          <td class="col-links"></td></tr>
        <tr>
          <td class="extra" colspan="4">
            <div class="empty log">No log output captured.</div></td></tr></tbody>
      <tbody class="passed results-table-row">
        <tr>
          <td class="col-result">Passed</td>
          <td class="col-name">Test_Navigation.py::test_navigation_home_About_Us</td>
          <td class="col-duration">10.17</td>
          <td class="col-links"></td></tr>
        <tr>
          <td class="extra" colspan="4">
            <div class="empty log">No log output captured.</div></td></tr></tbody>
      <tbody class="passed results-table-row">
        <tr>
          <td class="col-result">Passed</td>
          <td class="col-name">Test_Navigation.py::test_navigate_back_to_previous_page</td>
          <td class="col-duration">11.72</td>
          <td class="col-links"></td></tr>
        <tr>
          <td class="extra" colspan="4">
            <div class="empty log">No log output captured.</div></td></tr></tbody>
      <tbody class="passed results-table-row">
        <tr>
          <td class="col-result">Passed</td>
          <td class="col-name">Test_Navigation.py::test_reload_current_page</td>
          <td class="col-duration">8.61</td>
          <td class="col-links"></td></tr>
        <tr>
          <td class="extra" colspan="4">
            <div class="empty log">No log output captured.</div></td></tr></tbody>
      <tbody class="passed results-table-row">
        <tr>
          <td class="col-result">Passed</td>
          <td class="col-name">Test_Navigation.py::test_navigation_via_site_logo</td>
          <td class="col-duration">9.49</td>
          <td class="col-links"></td></tr>
        <tr>
          <td class="extra" colspan="4">
            <div class="empty log">No log output captured.</div></td></tr></tbody>
      <tbody class="passed results-table-row">
        <tr>
          <td class="col-result">Passed</td>
          <td class="col-name">Test_Navigation.py::test_navigate_to_search_results_page</td>
          <td class="col-duration">11.03</td>
          <td class="col-links"></td></tr>
        <tr>
          <td class="extra" colspan="4">
            <div class="empty log">No log output captured.</div></td></tr></tbody>
      <tbody class="passed results-table-row">
        <tr>
          <td class="col-result">Passed</td>
          <td class="col-name">Test_addtocart_checkout.py::test_remove_product_from_cart</td>
          <td class="col-duration">15.59</td>
          <td class="col-links"></td></tr>
        <tr>
          <td class="extra" colspan="4">
            <div class="empty log">No log output captured.</div></td></tr></tbody>
      <tbody class="passed results-table-row">
        <tr>
          <td class="col-result">Passed</td>
          <td class="col-name">Test_addtocart_checkout.py::test_update_item_quantity_in_cart</td>
          <td class="col-duration">15.36</td>
          <td class="col-links"></td></tr>
        <tr>
          <td class="extra" colspan="4">
            <div class="empty log">No log output captured.</div></td></tr></tbody>
      <tbody class="passed results-table-row">
        <tr>
          <td class="col-result">Passed</td>
          <td class="col-name">Test_addtocart_checkout.py::test_bankDeposit_payment</td>
          <td class="col-duration">32.94</td>
          <td class="col-links"></td></tr>
        <tr>
          <td class="extra" colspan="4">
            <div class="log"> ------------------------------Captured stdout call------------------------------ <br/>Success message: Congratulation! Payment is successful.
<br/></div></td></tr></tbody>
      <tbody class="passed results-table-row">
        <tr>
          <td class="col-result">Passed</td>
          <td class="col-name">Test_login_logout.py::test_user_login</td>
          <td class="col-duration">11.89</td>
          <td class="col-links"></td></tr>
        <tr>
          <td class="extra" colspan="4">
            <div class="empty log">No log output captured.</div></td></tr></tbody>
      <tbody class="passed results-table-row">
        <tr>
          <td class="col-result">Passed</td>
          <td class="col-name">Test_login_logout.py::test_user_invalid_login_pass</td>
          <td class="col-duration">10.17</td>
          <td class="col-links"></td></tr>
        <tr>
          <td class="extra" colspan="4">
            <div class="empty log">No log output captured.</div></td></tr></tbody>
      <tbody class="passed results-table-row">
        <tr>
          <td class="col-result">Passed</td>
          <td class="col-name">Test_login_logout.py::test_user_invalid_login_email</td>
          <td class="col-duration">9.90</td>
          <td class="col-links"></td></tr>
        <tr>
          <td class="extra" colspan="4">
            <div class="empty log">No log output captured.</div></td></tr></tbody>
      <tbody class="passed results-table-row">
        <tr>
          <td class="col-result">Passed</td>
          <td class="col-name">Test_login_logout.py::test_user_empty_login</td>
          <td class="col-duration">11.66</td>
          <td class="col-links"></td></tr>
        <tr>
          <td class="extra" colspan="4">
            <div class="empty log">No log output captured.</div></td></tr></tbody>
      <tbody class="passed results-table-row">
        <tr>
          <td class="col-result">Passed</td>
          <td class="col-name">Test_login_logout.py::test_user_logout</td>
          <td class="col-duration">13.11</td>
          <td class="col-links"></td></tr>
        <tr>
          <td class="extra" colspan="4">
            <div class="empty log">No log output captured.</div></td></tr></tbody>
      <tbody class="passed results-table-row">
        <tr>
          <td class="col-result">Passed</td>
          <td class="col-name">Test_reponsive.py::test_mobile_layout</td>
          <td class="col-duration">20.00</td>
          <td class="col-links"></td></tr>
        <tr>
          <td class="extra" colspan="4">
            <div class="log"> ------------------------------Captured stdout call------------------------------ <br/>Mobile layout test passed successfully.
<br/></div></td></tr></tbody>
      <tbody class="passed results-table-row">
        <tr>
          <td class="col-result">Passed</td>
          <td class="col-name">Test_search.py::test_user_login</td>
          <td class="col-duration">10.32</td>
          <td class="col-links"></td></tr>
        <tr>
          <td class="extra" colspan="4">
            <div class="empty log">No log output captured.</div></td></tr></tbody>
      <tbody class="passed results-table-row">
        <tr>
          <td class="col-result">Passed</td>
          <td class="col-name">Test_search.py::test_user_invalid_login_pass</td>
          <td class="col-duration">10.60</td>
          <td class="col-links"></td></tr>
        <tr>
          <td class="extra" colspan="4">
            <div class="empty log">No log output captured.</div></td></tr></tbody>
      <tbody class="passed results-table-row">
        <tr>
          <td class="col-result">Passed</td>
          <td class="col-name">Test_search.py::test_user_invalid_login_email</td>
          <td class="col-duration">10.26</td>
          <td class="col-links"></td></tr>
        <tr>
          <td class="extra" colspan="4">
            <div class="empty log">No log output captured.</div></td></tr></tbody>
      <tbody class="passed results-table-row">
        <tr>
          <td class="col-result">Passed</td>
          <td class="col-name">Test_search.py::test_user_empty_login</td>
          <td class="col-duration">10.72</td>
          <td class="col-links"></td></tr>
        <tr>
          <td class="extra" colspan="4">
            <div class="empty log">No log output captured.</div></td></tr></tbody>
      <tbody class="passed results-table-row">
        <tr>
          <td class="col-result">Passed</td>
          <td class="col-name">Test_search.py::test_user_logout</td>
          <td class="col-duration">14.89</td>
          <td class="col-links"></td></tr>
        <tr>
          <td class="extra" colspan="4">
            <div class="empty log">No log output captured.</div></td></tr></tbody>
      <tbody class="passed results-table-row">
        <tr>
          <td class="col-result">Passed</td>
          <td class="col-name">Test_search.py::test_search_product</td>
          <td class="col-duration">13.05</td>
          <td class="col-links"></td></tr>
        <tr>
          <td class="extra" colspan="4">
            <div class="empty log">No log output captured.</div></td></tr></tbody>
      <tbody class="passed results-table-row">
        <tr>
          <td class="col-result">Passed</td>
          <td class="col-name">Test_search.py::test_search_product_invalid_keywords</td>
          <td class="col-duration">13.34</td>
          <td class="col-links"></td></tr>
        <tr>
          <td class="extra" colspan="4">
            <div class="empty log">No log output captured.</div></td></tr></tbody>
      <tbody class="passed results-table-row">
        <tr>
          <td class="col-result">Passed</td>
          <td class="col-name">Test_search.py::test_search_emptyt</td>
          <td class="col-duration">13.06</td>
          <td class="col-links"></td></tr>
        <tr>
          <td class="extra" colspan="4">
            <div class="empty log">No log output captured.</div></td></tr></tbody>
      <tbody class="passed results-table-row">
        <tr>
          <td class="col-result">Passed</td>
          <td class="col-name">Test_search.py::test_search_uppercase_lower_product</td>
          <td class="col-duration">57.20</td>
          <td class="col-links"></td></tr>
        <tr>
          <td class="extra" colspan="4">
            <div class="empty log">No log output captured.</div></td></tr></tbody></table></body></html>